[12/21/2024 19:00:39] pBar submitted b'Locust St' on 4 with kpm 0 [CORRECT]
[12/21/2024 19:00:44] pBar submitted b'in the basement' on 6 with kpm 0 [CORRECT]
[12/21/2024 19:00:47] pBar submitted b'house number 25' on 5 with kpm 0 [CORRECT]
[12/21/2024 19:01:43] zxcUser submitted b'Locust St' on 4 with kpm 0 [CORRECT]
[12/21/2024 19:01:47] zxcUser submitted b'house number 25' on 6 with kpm 0 [WRONG]
[12/21/2024 19:01:51] zxcUser submitted b'house number 25' on 5 with kpm 1 [CORRECT]
[12/21/2024 19:01:54] zxcUser submitted b'in the basement' on 6 with kpm 1 [CORRECT]
[12/21/2024 19:04:58] sergeyGolovach submitted b'A1b2C3d4E5' on 2 with kpm 0 [CORRECT]
[12/21/2024 19:05:02] sergeyGolovach submitted b"what's happening scares me." on 3 with kpm 0 [CORRECT]
[12/21/2024 19:05:06] sergeyGolovach submitted b'Locust St' on 5 with kpm 0 [WRONG]
[12/21/2024 19:05:10] sergeyGolovach submitted b'house number 25' on 5 with kpm 1 [CORRECT]
[12/21/2024 19:05:15] sergeyGolovach submitted b'in the basement' on 6 with kpm 1 [CORRECT]
[12/21/2024 19:05:21] sergeyGolovach submitted b'Locust St' on 4 with kpm 1 [CORRECT]
[12/21/2024 19:05:43] ivanZolo submitted b'A1b2C3d4E5' on 2 with kpm 0 [CORRECT]
[12/26/2024 18:34:05] testUser submitted b'in the basement' on 6 with kpm 0 [CORRECT]
[04/17/2025 06:28:45] dfsldfksdlfkldsf submitted b'sdffsd' on 4 with kpm 0 [WRONG]
[04/17/2025 06:31:46] aloyaloya submitted b'A1b2C3d4E5' on 2 with kpm 0 [CORRECT]
[04/17/2025 06:32:27] aloyaloya submitted b'A1b2C3d4E5' on 2 with kpm 0 [ALREADY SOLVED]
[04/17/2025 06:32:48] aloyaloya submitted b'\t 232323' on 2 with kpm 0 [ALREADY SOLVED]
[04/17/2025 06:40:25] aloyaloya submitted b'123' on 7 with kpm 0 [CORRECT]
[04/17/2025 06:41:16] aloyaloya submitted b'123' on 7 with kpm 0 [ALREADY SOLVED]
